500
500
1
499
2
498
3
497
4
496
5
495
6
494
7
493
8
492
9
491
10
490
11
489
12
488
13
487
14
486
15
485
16
484
17
483
18
482
19
481
20
480
21
479
22
478
23
477
24
476
25
475
26
474
27
473
28
472
29
471
30
470
31
469
32
468
33
467
34
466
35
465
36
464
37
463
38
462
39
461
40
460
41
459
42
458
43
457
44
456
45
455
46
454
47
453
48
452
49
451
50
450
51
449
52
448
53
447
54
446
55
445
56
444
57
443
58
442
59
441
60
440
61
439
62
438
63
437
64
436
65
435
66
434
67
433
68
432
69
431
70
430
71
429
72
428
73
427
74
426
75
425
76
424
77
423
78
422
79
421
80
420
81
419
82
418
83
417
84
416
85
415
86
414
87
413
88
412
89
411
90
410
91
409
92
408
93
407
94
406
95
405
96
404
97
403
98
402
99
401
100
400
101
399
102
398
103
397
104
396
105
395
106
394
107
393
108
392
109
391
110
390
111
389
112
388
113
387
114
386
115
385
116
384
117
383
118
382
119
381
120
380
121
379
122
378
123
377
124
376
125
375
126
374
127
373
128
372
129
371
130
370
131
369
132
368
133
367
134
366
135
365
136
364
137
363
138
362
139
361
140
360
141
359
142
358
143
357
144
356
145
355
146
354
147
353
148
352
149
351
150
350
151
349
152
348
153
347
154
346
155
345
156
344
157
343
158
342
159
341
160
340
161
339
162
338
163
337
164
336
165
335
166
334
167
333
168
332
169
331
170
330
171
329
172
328
173
327
174
326
175
325
176
324
177
323
178
322
179
321
180
320
181
319
182
318
183
317
184
316
185
315
186
314
187
313
188
312
189
311
190
310
191
309
192
308
193
307
194
306
195
305
196
304
197
303
198
302
199
301
200
300
201
299
202
298
203
297
204
296
205
295
206
294
207
293
208
292
209
291
210
290
211
289
212
288
213
287
214
286
215
285
216
284
217
283
218
282
219
281
220
280
221
279
222
278
223
277
224
276
225
275
226
274
227
273
228
272
229
271
230
270
231
269
232
268
233
267
234
266
235
265
236
264
237
263
238
262
239
261
240
260
241
259
242
258
243
257
244
256
245
255
246
254
247
253
248
252
249
251
250
250
251
249
252
248
253
247
254
246
255
245
256
244
257
243
258
242
259
241
260
240
261
239
262
238
263
237
264
236
265
235
266
234
267
233
268
232
269
231
270
230
271
229
272
228
273
227
274
226
275
225
276
224
277
223
278
222
279
221
280
220
281
219
282
218
283
217
284
216
285
215
286
214
287
213
288
212
289
211
290
210
291
209
292
208
293
207
294
206
295
205
296
204
297
203
298
202
299
201
300
200
301
199
302
198
303
197
304
196
305
195
306
194
307
193
308
192
309
191
310
190
311
189
312
188
313
187
314
186
315
185
316
184
317
183
318
182
319
181
320
180
321
179
322
178
323
177
324
176
325
175
326
174
327
173
328
172
329
171
330
170
331
169
332
168
333
167
334
166
335
165
336
164
337
163
338
162
339
161
340
160
341
159
342
158
343
157
344
156
345
155
346
154
347
153
348
152
349
151
350
150
351
149
352
148
353
147
354
146
355
145
356
144
357
143
358
142
359
141
360
140
361
139
362
138
363
137
364
136
365
135
366
134
367
133
368
132
369
131
370
130
371
129
372
128
373
127
374
126
375
125
376
124
377
123
378
122
379
121
380
120
381
119
382
118
383
117
384
116
385
115
386
114
387
113
388
112
389
111
390
110
391
109
392
108
393
107
394
106
395
105
396
104
397
103
398
102
399
101
400
100
401
99
402
98
403
97
404
96
405
95
406
94
407
93
408
92
409
91
410
90
411
89
412
88
413
87
414
86
415
85
416
84
417
83
418
82
419
81
420
80
421
79
422
78
423
77
424
76
425
75
426
74
427
73
428
72
429
71
430
70
431
69
432
68
433
67
434
66
435
65
436
64
437
63
438
62
439
61
440
60
441
59
442
58
443
57
444
56
445
55
446
54
447
53
448
52
449
51
450
50
451
49
452
48
453
47
454
46
455
45
456
44
457
43
458
42
459
41
460
40
461
39
462
38
463
37
464
36
465
35
466
34
467
33
468
32
469
31
470
30
471
29
472
28
473
27
474
26
475
25
476
24
477
23
478
22
479
21
480
20
481
19
482
18
483
17
484
16
485
15
486
14
487
13
488
12
489
11
490
10
491
9
492
8
493
7
494
6
495
5
496
4
497
3
498
2
499
1
1000
1000
1
999
2
998
3
997
4
996
5
995
6
994
7
993
8
992
9
991
10
990
11
989
12
988
13
987
14
986
15
985
16
984
17
983
18
982
19
981
20
980
21
979
22
978
23
977
24
976
25
975
26
974
27
973
28
972
29
971
30
970
31
969
32
968
33
967
34
966
35
965
36
964
37
963
38
962
39
961
40
960
41
959
42
958
43
957
44
956
45
955
46
954
47
953
48
952
49
951
50
950
51
949
52
948
53
947
54
946
55
945
56
944
57
943
58
942
59
941
60
940
61
939
62
938
63
937
64
936
65
935
66
934
67
933
68
932
69
931
70
930
71
929
72
928
73
927
74
926
75
925
76
924
77
923
78
922
79
921
80
920
81
919
82
918
83
917
84
916
85
915
86
914
87
913
88
912
89
911
90
910
91
909
92
908
93
907
94
906
95
905
96
904
97
903
98
902
99
901
100
900
101
899
102
898
103
897
104
896
105
895
106
894
107
893
108
892
109
891
110
890
111
889
112
888
113
887
114
886
115
885
116
884
117
883
118
882
119
881
120
880
121
879
122
878
123
877
124
876
125
875
126
874
127
873
128
872
129
871
130
870
131
869
132
868
133
867
134
866
135
865
136
864
137
863
138
862
139
861
140
860
141
859
142
858
143
857
144
856
145
855
146
854
147
853
148
852
149
851
150
850
151
849
152
848
153
847
154
846
155
845
156
844
157
843
158
842
159
841
160
840
161
839
162
838
163
837
164
836
165
835
166
834
167
833
168
832
169
831
170
830
171
829
172
828
173
827
174
826
175
825
176
824
177
823
178
822
179
821
180
820
181
819
182
818
183
817
184
816
185
815
186
814
187
813
188
812
189
811
190
810
191
809
192
808
193
807
194
806
195
805
196
804
197
803
198
802
199
801
200
800
201
799
202
798
203
797
204
796
205
795
206
794
207
793
208
792
209
791
210
790
211
789
212
788
213
787
214
786
215
785
216
784
217
783
218
782
219
781
220
780
221
779
222
778
223
777
224
776
225
775
226
774
227
773
228
772
229
771
230
770
231
769
232
768
233
767
234
766
235
765
236
764
237
763
238
762
239
761
240
760
241
759
242
758
243
757
244
756
245
755
246
754
247
753
248
752
249
751
250
750
251
749
252
748
253
747
254
746
255
745
256
744
257
743
258
742
259
741
260
740
261
739
262
738
263
737
264
736
265
735
266
734
267
733
268
732
269
731
270
730
271
729
272
728
273
727
274
726
275
725
276
724
277
723
278
722
279
721
280
720
281
719
282
718
283
717
284
716
285
715
286
714
287
713
288
712
289
711
290
710
291
709
292
708
293
707
294
706
295
705
296
704
297
703
298
702
299
701
300
700
301
699
302
698
303
697
304
696
305
695
306
694
307
693
308
692
309
691
310
690
311
689
312
688
313
687
314
686
315
685
316
684
317
683
318
682
319
681
320
680
321
679
322
678
323
677
324
676
325
675
326
674
327
673
328
672
329
671
330
670
331
669
332
668
333
667
334
666
335
665
336
664
337
663
338
662
339
661
340
660
341
659
342
658
343
657
344
656
345
655
346
654
347
653
348
652
349
651
350
650
351
649
352
648
353
647
354
646
355
645
356
644
357
643
358
642
359
641
360
640
361
639
362
638
363
637
364
636
365
635
366
634
367
633
368
632
369
631
370
630
371
629
372
628
373
627
374
626
375
625
376
624
377
623
378
622
379
621
380
620
381
619
382
618
383
617
384
616
385
615
386
614
387
613
388
612
389
611
390
610
391
609
392
608
393
607
394
606
395
605
396
604
397
603
398
602
399
601
400
600
401
599
402
598
403
597
404
596
405
595
406
594
407
593
408
592
409
591
410
590
411
589
412
588
413
587
414
586
415
585
416
584
417
583
418
582
419
581
420
580
421
579
422
578
423
577
424
576
425
575
426
574
427
573
428
572
429
571
430
570
431
569
432
568
433
567
434
566
435
565
436
564
437
563
438
562
439
561
440
560
441
559
442
558
443
557
444
556
445
555
446
554
447
553
448
552
449
551
450
550
451
549
452
548
453
547
454
546
455
545
456
544
457
543
458
542
459
541
460
540
461
539
462
538
463
537
464
536
465
535
466
534
467
533
468
532
469
531
470
530
471
529
472
528
473
527
474
526
475
525
476
524
477
523
478
522
479
521
480
520
481
519
482
518
483
517
484
516
485
515
486
514
487
513
488
512
489
511
490
510
491
509
492
508
493
507
494
506
495
505
496
504
497
503
498
502
499
501
500
500
501
499
502
498
503
497
504
496
505
495
506
494
507
493
508
492
509
491
510
490
511
489
512
488
513
487
514
486
515
485
516
484
517
483
518
482
519
481
520
480
521
479
522
478
523
477
524
476
525
475
526
474
527
473
528
472
529
471
530
470
531
469
532
468
533
467
534
466
535
465
536
464
537
463
538
462
539
461
540
460
541
459
542
458
543
457
544
456
545
455
546
454
547
453
548
452
549
451
550
450
551
449
552
448
553
447
554
446
555
445
556
444
557
443
558
442
559
441
560
440
561
439
562
438
563
437
564
436
565
435
566
434
567
433
568
432
569
431
570
430
571
429
572
428
573
427
574
426
575
425
576
424
577
423
578
422
579
421
580
420
581
419
582
418
583
417
584
416
585
415
586
414
587
413
588
412
589
411
590
410
591
409
592
408
593
407
594
406
595
405
596
404
597
403
598
402
599
401
600
400
601
399
602
398
603
397
604
396
605
395
606
394
607
393
608
392
609
391
610
390
611
389
612
388
613
387
614
386
615
385
616
384
617
383
618
382
619
381
620
380
621
379
622
378
623
377
624
376
625
375
626
374
627
373
628
372
629
371
630
370
631
369
632
368
633
367
634
366
635
365
636
364
637
363
638
362
639
361
640
360
641
359
642
358
643
357
644
356
645
355
646
354
647
353
648
352
649
351
650
350
651
349
652
348
653
347
654
346
655
345
656
344
657
343
658
342
659
341
660
340
661
339
662
338
663
337
664
336
665
335
666
334
667
333
668
332
669
331
670
330
671
329
672
328
673
327
674
326
675
325
676
324
677
323
678
322
679
321
680
320
681
319
682
318
683
317
684
316
685
315
686
314
687
313
688
312
689
311
690
310
691
309
692
308
693
307
694
306
695
305
696
304
697
303
698
302
699
301
700
300
701
299
702
298
703
297
704
296
705
295
706
294
707
293
708
292
709
291
710
290
711
289
712
288
713
287
714
286
715
285
716
284
717
283
718
282
719
281
720
280
721
279
722
278
723
277
724
276
725
275
726
274
727
273
728
272
729
271
730
270
731
269
732
268
733
267
734
266
735
265
736
264
737
263
738
262
739
261
740
260
741
259
742
258
743
257
744
256
745
255
746
254
747
253
748
252
749
251
750
250
751
249
752
248
753
247
754
246
755
245
756
244
757
243
758
242
759
241
760
240
761
239
762
238
763
237
764
236
765
235
766
234
767
233
768
232
769
231
770
230
771
229
772
228
773
227
774
226
775
225
776
224
777
223
778
222
779
221
780
220
781
219
782
218
783
217
784
216
785
215
786
214
787
213
788
212
789
211
790
210
791
209
792
208
793
207
794
206
795
205
796
204
797
203
798
202
799
201
800
200
801
199
802
198
803
197
804
196
805
195
806
194
807
193
808
192
809
191
810
190
811
189
812
188
813
187
814
186
815
185
816
184
817
183
818
182
819
181
820
180
821
179
822
178
823
177
824
176
825
175
826
174
827
173
828
172
829
171
830
170
831
169
832
168
833
167
834
166
835
165
836
164
837
163
838
162
839
161
840
160
841
159
842
158
843
157
844
156
845
155
846
154
847
153
848
152
849
151
850
150
851
149
852
148
853
147
854
146
855
145
856
144
857
143
858
142
859
141
860
140
861
139
862
138
863
137
864
136
865
135
866
134
867
133
868
132
869
131
870
130
871
129
872
128
873
127
874
126
875
125
876
124
877
123
878
122
879
121
880
120
881
119
882
118
883
117
884
116
885
115
886
114
887
113
888
112
889
111
890
110
891
109
892
108
893
107
894
106
895
105
896
104
897
103
898
102
899
101
900
100
901
99
902
98
903
97
904
96
905
95
906
94
907
93
908
92
909
91
910
90
911
89
912
88
913
87
914
86
915
85
916
84
917
83
918
82
919
81
920
80
921
79
922
78
923
77
924
76
925
75
926
74
927
73
928
72
929
71
930
70
931
69
932
68
933
67
934
66
935
65
936
64
937
63
938
62
939
61
940
60
941
59
942
58
943
57
944
56
945
55
946
54
947
53
948
52
949
51
950
50
951
49
952
48
953
47
954
46
955
45
956
44
957
43
958
42
959
41
960
40
961
39
962
38
963
37
964
36
965
35
966
34
967
33
968
32
969
31
970
30
971
29
972
28
973
27
974
26
975
25
976
24
977
23
978
22
979
21
980
20
981
19
982
18
983
17
984
16
985
15
986
14
987
13
988
12
989
11
990
10
991
9
992
8
993
7
994
6
995
5
996
4
997
3
998
2
999
1
